<?xml version="1.0" encoding="UTF-8"?>
<!-- Generated by org.testng.reporters.JUnitXMLReporter -->
<testsuite hostname="AV25071" failures="6" tests="7" name="Test on Chrome Encuesta" time="34.807" errors="0" timestamp="17 Dec 2020 15:06:56 GMT">
  <testcase classname="com.Yale_Test_Automated.Consultar_Test_Encuesta_Editar" name="Editar_Pregunta" time="11.972"/>
  <testcase classname="com.Yale_Test_Automated.Consultar_Test_Encuesta_Editar" name="Editar_Pregunta_Vacia" time="2.571">
    <failure type="java.lang.AssertionError" message="Pregunta no editada
Expected: a string containing &amp;quot;Como fue la atencion - Editada&amp;quot;
     but: was &amp;quot;FUSE
menu
Charlie Adams
adams.charlie@mail.com
APPLICATIONS
assignment
Preguntas
today
email
account_box
check_box
star
Charlie Adams
keyboard_arrow_down
search
EN
format_list_bulleted
Preguntas
Crear pregunta
Id
Nombre
Activa
Fecha
Acciones
206
Si
17-12-2020
edit
delete
Items per page:
5
1 – 1 of 1
Click to add/remove shortcut
Editar pregunta
Pregunta *
El campo es requerido.
Activo
Estado
clear Cancelar
check_circle_outline Guardar
Favor revise el formulario
X&amp;quot;">
      <![CDATA[java.lang.AssertionError: Pregunta no editada
Expected: a string containing "Como fue la atencion - Editada"
     but: was "FUSE
menu
Charlie Adams
adams.charlie@mail.com
APPLICATIONS
assignment
Preguntas
today
email
account_box
check_box
star
Charlie Adams
keyboard_arrow_down
search
EN
format_list_bulleted
Preguntas
Crear pregunta
Id
Nombre
Activa
Fecha
Acciones
206
Si
17-12-2020
edit
delete
Items per page:
5
1 – 1 of 1
Click to add/remove shortcut
Editar pregunta
Pregunta *
El campo es requerido.
Activo
Estado
clear Cancelar
check_circle_outline Guardar
Favor revise el formulario
X"
	at org.hamcrest.MatcherAssert.assertThat(MatcherAssert.java:20)
	at org.junit.Assert.assertThat(Assert.java:964)
	at com.Yale_Test_Automated.Consultar_Test_Encuesta_Editar.Editar_Pregunta_Vacia(Consultar_Test_Encuesta_Editar.java:122)
... Removed 24 stack frames]]>
    </failure>
  </testcase> <!-- Editar_Pregunta_Vacia -->
  <testcase classname="com.Yale_Test_Automated.Consultar_Test_Encuesta_Editar" name="Editar_Preguntas_Activo" time="3.636">
    <failure type="org.openqa.selenium.ElementClickInterceptedException" message="element click intercepted: Element &amp;lt;button _ngcontent-sbo-c255=&amp;quot;&amp;quot; mat-icon-button=&amp;quot;&amp;quot; mattooltip=&amp;quot;Click to Edit&amp;quot; id=&amp;quot;edit-pregunta&amp;quot; color=&amp;quot;primary&amp;quot; class=&amp;quot;mat-focus-indicator iconbutton mat-icon-button mat-button-base mat-primary&amp;quot; ng-reflect-color=&amp;quot;primary&amp;quot;&amp;gt;...&amp;lt;/button&amp;gt; is not clickable at point (1140, 253). Other element would receive the click: &amp;lt;div class=&amp;quot;cdk-overlay-backdrop cdk-overlay-dark-backdrop cdk-overlay-backdrop-showing&amp;quot;&amp;gt;&amp;lt;/div&amp;gt;
  (Session info: chrome=87.0.4280.88)
Build info: version: &amp;apos;3.141.59&amp;apos;, revision: &amp;apos;e82be7d358&amp;apos;, time: &amp;apos;2018-11-14T08:17:03&amp;apos;
System info: host: &amp;apos;AV25071&amp;apos;, ip: &amp;apos;192.168.0.2&amp;apos;, os.name: &amp;apos;Windows 10&amp;apos;, os.arch: &amp;apos;amd64&amp;apos;, os.version: &amp;apos;10.0&amp;apos;, java.version: &amp;apos;11.0.2&amp;apos;
Driver info: org.openqa.selenium.chrome.ChromeDriver
Capabilities {acceptInsecureCerts: false, browserName: chrome, browserVersion: 87.0.4280.88, chrome: {chromedriverVersion: 87.0.4280.20 (c99e81631faa0..., userDataDir: C:\Users\RENTAD~1\AppData\L...}, goog:chromeOptions: {debuggerAddress: localhost:52209}, javascriptEnabled: true, networkConnectionEnabled: false, pageLoadStrategy: normal, platform: WINDOWS, platformName: WINDOWS, proxy: Proxy(), setWindowRect: true, strictFileInteractability: false, timeouts: {implicit: 0, pageLoad: 300000, script: 30000}, unhandledPromptBehavior: dismiss and notify, webauthn:virtualAuthenticators: true}
Session ID: 49696305e7f6f467592f6e4e2e01fdfb">
      <![CDATA[org.openqa.selenium.ElementClickInterceptedException: element click intercepted: Element <button _ngcontent-sbo-c255="" mat-icon-button="" mattooltip="Click to Edit" id="edit-pregunta" color="primary" class="mat-focus-indicator iconbutton mat-icon-button mat-button-base mat-primary" ng-reflect-color="primary">...</button> is not clickable at point (1140, 253). Other element would receive the click: <div class="cdk-overlay-backdrop cdk-overlay-dark-backdrop cdk-overlay-backdrop-showing"></div>
  (Session info: chrome=87.0.4280.88)
Build info: version: '3.141.59', revision: 'e82be7d358', time: '2018-11-14T08:17:03'
System info: host: 'AV25071', ip: '192.168.0.2', os.name: 'Windows 10', os.arch: 'amd64', os.version: '10.0', java.version: '11.0.2'
Driver info: org.openqa.selenium.chrome.ChromeDriver
Capabilities {acceptInsecureCerts: false, browserName: chrome, browserVersion: 87.0.4280.88, chrome: {chromedriverVersion: 87.0.4280.20 (c99e81631faa0..., userDataDir: C:\Users\RENTAD~1\AppData\L...}, goog:chromeOptions: {debuggerAddress: localhost:52209}, javascriptEnabled: true, networkConnectionEnabled: false, pageLoadStrategy: normal, platform: WINDOWS, platformName: WINDOWS, proxy: Proxy(), setWindowRect: true, strictFileInteractability: false, timeouts: {implicit: 0, pageLoad: 300000, script: 30000}, unhandledPromptBehavior: dismiss and notify, webauthn:virtualAuthenticators: true}
Session ID: 49696305e7f6f467592f6e4e2e01fdfb
	at org.openqa.selenium.remote.http.W3CHttpResponseCodec.createException(W3CHttpResponseCodec.java:187)
	at org.openqa.selenium.remote.http.W3CHttpResponseCodec.decode(W3CHttpResponseCodec.java:122)
	at org.openqa.selenium.remote.http.W3CHttpResponseCodec.decode(W3CHttpResponseCodec.java:49)
	at org.openqa.selenium.remote.HttpCommandExecutor.execute(HttpCommandExecutor.java:158)
	at org.openqa.selenium.remote.service.DriverCommandExecutor.execute(DriverCommandExecutor.java:83)
	at org.openqa.selenium.remote.RemoteWebDriver.execute(RemoteWebDriver.java:552)
	at org.openqa.selenium.remote.RemoteWebElement.execute(RemoteWebElement.java:285)
	at org.openqa.selenium.remote.RemoteWebElement.click(RemoteWebElement.java:84)
	at com.Yale_Test_Automated.Consultar_Test_Encuesta_Editar.Editar_Preguntas_Activo(Consultar_Test_Encuesta_Editar.java:166)
... Removed 28 stack frames]]>
    </failure>
  </testcase> <!-- Editar_Preguntas_Activo -->
  <testcase classname="com.Yale_Test_Automated.Consultar_Test_Encuesta_Editar" name="Editar_Preguntas_Activo_Cancelar" time="3.125">
    <failure type="org.openqa.selenium.ElementClickInterceptedException" message="element click intercepted: Element &amp;lt;button _ngcontent-sbo-c255=&amp;quot;&amp;quot; mat-icon-button=&amp;quot;&amp;quot; mattooltip=&amp;quot;Click to Edit&amp;quot; id=&amp;quot;edit-pregunta&amp;quot; color=&amp;quot;primary&amp;quot; class=&amp;quot;mat-focus-indicator iconbutton mat-icon-button mat-button-base mat-primary&amp;quot; ng-reflect-color=&amp;quot;primary&amp;quot;&amp;gt;...&amp;lt;/button&amp;gt; is not clickable at point (1140, 253). Other element would receive the click: &amp;lt;div class=&amp;quot;cdk-overlay-backdrop cdk-overlay-dark-backdrop cdk-overlay-backdrop-showing&amp;quot;&amp;gt;&amp;lt;/div&amp;gt;
  (Session info: chrome=87.0.4280.88)
Build info: version: &amp;apos;3.141.59&amp;apos;, revision: &amp;apos;e82be7d358&amp;apos;, time: &amp;apos;2018-11-14T08:17:03&amp;apos;
System info: host: &amp;apos;AV25071&amp;apos;, ip: &amp;apos;192.168.0.2&amp;apos;, os.name: &amp;apos;Windows 10&amp;apos;, os.arch: &amp;apos;amd64&amp;apos;, os.version: &amp;apos;10.0&amp;apos;, java.version: &amp;apos;11.0.2&amp;apos;
Driver info: org.openqa.selenium.chrome.ChromeDriver
Capabilities {acceptInsecureCerts: false, browserName: chrome, browserVersion: 87.0.4280.88, chrome: {chromedriverVersion: 87.0.4280.20 (c99e81631faa0..., userDataDir: C:\Users\RENTAD~1\AppData\L...}, goog:chromeOptions: {debuggerAddress: localhost:52209}, javascriptEnabled: true, networkConnectionEnabled: false, pageLoadStrategy: normal, platform: WINDOWS, platformName: WINDOWS, proxy: Proxy(), setWindowRect: true, strictFileInteractability: false, timeouts: {implicit: 0, pageLoad: 300000, script: 30000}, unhandledPromptBehavior: dismiss and notify, webauthn:virtualAuthenticators: true}
Session ID: 49696305e7f6f467592f6e4e2e01fdfb">
      <![CDATA[org.openqa.selenium.ElementClickInterceptedException: element click intercepted: Element <button _ngcontent-sbo-c255="" mat-icon-button="" mattooltip="Click to Edit" id="edit-pregunta" color="primary" class="mat-focus-indicator iconbutton mat-icon-button mat-button-base mat-primary" ng-reflect-color="primary">...</button> is not clickable at point (1140, 253). Other element would receive the click: <div class="cdk-overlay-backdrop cdk-overlay-dark-backdrop cdk-overlay-backdrop-showing"></div>
  (Session info: chrome=87.0.4280.88)
Build info: version: '3.141.59', revision: 'e82be7d358', time: '2018-11-14T08:17:03'
System info: host: 'AV25071', ip: '192.168.0.2', os.name: 'Windows 10', os.arch: 'amd64', os.version: '10.0', java.version: '11.0.2'
Driver info: org.openqa.selenium.chrome.ChromeDriver
Capabilities {acceptInsecureCerts: false, browserName: chrome, browserVersion: 87.0.4280.88, chrome: {chromedriverVersion: 87.0.4280.20 (c99e81631faa0..., userDataDir: C:\Users\RENTAD~1\AppData\L...}, goog:chromeOptions: {debuggerAddress: localhost:52209}, javascriptEnabled: true, networkConnectionEnabled: false, pageLoadStrategy: normal, platform: WINDOWS, platformName: WINDOWS, proxy: Proxy(), setWindowRect: true, strictFileInteractability: false, timeouts: {implicit: 0, pageLoad: 300000, script: 30000}, unhandledPromptBehavior: dismiss and notify, webauthn:virtualAuthenticators: true}
Session ID: 49696305e7f6f467592f6e4e2e01fdfb
	at org.openqa.selenium.remote.http.W3CHttpResponseCodec.createException(W3CHttpResponseCodec.java:187)
	at org.openqa.selenium.remote.http.W3CHttpResponseCodec.decode(W3CHttpResponseCodec.java:122)
	at org.openqa.selenium.remote.http.W3CHttpResponseCodec.decode(W3CHttpResponseCodec.java:49)
	at org.openqa.selenium.remote.HttpCommandExecutor.execute(HttpCommandExecutor.java:158)
	at org.openqa.selenium.remote.service.DriverCommandExecutor.execute(DriverCommandExecutor.java:83)
	at org.openqa.selenium.remote.RemoteWebDriver.execute(RemoteWebDriver.java:552)
	at org.openqa.selenium.remote.RemoteWebElement.execute(RemoteWebElement.java:285)
	at org.openqa.selenium.remote.RemoteWebElement.click(RemoteWebElement.java:84)
	at com.Yale_Test_Automated.Consultar_Test_Encuesta_Editar.Editar_Preguntas_Activo_Cancelar(Consultar_Test_Encuesta_Editar.java:177)
... Removed 28 stack frames]]>
    </failure>
  </testcase> <!-- Editar_Preguntas_Activo_Cancelar -->
  <testcase classname="com.Yale_Test_Automated.Consultar_Test_Encuesta_Editar" name="Editar_Preguntas_Cancelar" time="1.112">
    <failure type="org.openqa.selenium.ElementClickInterceptedException" message="element click intercepted: Element &amp;lt;button _ngcontent-sbo-c255=&amp;quot;&amp;quot; mat-icon-button=&amp;quot;&amp;quot; mattooltip=&amp;quot;Click to Edit&amp;quot; id=&amp;quot;edit-pregunta&amp;quot; color=&amp;quot;primary&amp;quot; class=&amp;quot;mat-focus-indicator iconbutton mat-icon-button mat-button-base mat-primary&amp;quot; ng-reflect-color=&amp;quot;primary&amp;quot;&amp;gt;...&amp;lt;/button&amp;gt; is not clickable at point (1140, 253). Other element would receive the click: &amp;lt;div class=&amp;quot;cdk-overlay-backdrop cdk-overlay-dark-backdrop cdk-overlay-backdrop-showing&amp;quot;&amp;gt;&amp;lt;/div&amp;gt;
  (Session info: chrome=87.0.4280.88)
Build info: version: &amp;apos;3.141.59&amp;apos;, revision: &amp;apos;e82be7d358&amp;apos;, time: &amp;apos;2018-11-14T08:17:03&amp;apos;
System info: host: &amp;apos;AV25071&amp;apos;, ip: &amp;apos;192.168.0.2&amp;apos;, os.name: &amp;apos;Windows 10&amp;apos;, os.arch: &amp;apos;amd64&amp;apos;, os.version: &amp;apos;10.0&amp;apos;, java.version: &amp;apos;11.0.2&amp;apos;
Driver info: org.openqa.selenium.chrome.ChromeDriver
Capabilities {acceptInsecureCerts: false, browserName: chrome, browserVersion: 87.0.4280.88, chrome: {chromedriverVersion: 87.0.4280.20 (c99e81631faa0..., userDataDir: C:\Users\RENTAD~1\AppData\L...}, goog:chromeOptions: {debuggerAddress: localhost:52209}, javascriptEnabled: true, networkConnectionEnabled: false, pageLoadStrategy: normal, platform: WINDOWS, platformName: WINDOWS, proxy: Proxy(), setWindowRect: true, strictFileInteractability: false, timeouts: {implicit: 0, pageLoad: 300000, script: 30000}, unhandledPromptBehavior: dismiss and notify, webauthn:virtualAuthenticators: true}
Session ID: 49696305e7f6f467592f6e4e2e01fdfb">
      <![CDATA[org.openqa.selenium.ElementClickInterceptedException: element click intercepted: Element <button _ngcontent-sbo-c255="" mat-icon-button="" mattooltip="Click to Edit" id="edit-pregunta" color="primary" class="mat-focus-indicator iconbutton mat-icon-button mat-button-base mat-primary" ng-reflect-color="primary">...</button> is not clickable at point (1140, 253). Other element would receive the click: <div class="cdk-overlay-backdrop cdk-overlay-dark-backdrop cdk-overlay-backdrop-showing"></div>
  (Session info: chrome=87.0.4280.88)
Build info: version: '3.141.59', revision: 'e82be7d358', time: '2018-11-14T08:17:03'
System info: host: 'AV25071', ip: '192.168.0.2', os.name: 'Windows 10', os.arch: 'amd64', os.version: '10.0', java.version: '11.0.2'
Driver info: org.openqa.selenium.chrome.ChromeDriver
Capabilities {acceptInsecureCerts: false, browserName: chrome, browserVersion: 87.0.4280.88, chrome: {chromedriverVersion: 87.0.4280.20 (c99e81631faa0..., userDataDir: C:\Users\RENTAD~1\AppData\L...}, goog:chromeOptions: {debuggerAddress: localhost:52209}, javascriptEnabled: true, networkConnectionEnabled: false, pageLoadStrategy: normal, platform: WINDOWS, platformName: WINDOWS, proxy: Proxy(), setWindowRect: true, strictFileInteractability: false, timeouts: {implicit: 0, pageLoad: 300000, script: 30000}, unhandledPromptBehavior: dismiss and notify, webauthn:virtualAuthenticators: true}
Session ID: 49696305e7f6f467592f6e4e2e01fdfb
	at org.openqa.selenium.remote.http.W3CHttpResponseCodec.createException(W3CHttpResponseCodec.java:187)
	at org.openqa.selenium.remote.http.W3CHttpResponseCodec.decode(W3CHttpResponseCodec.java:122)
	at org.openqa.selenium.remote.http.W3CHttpResponseCodec.decode(W3CHttpResponseCodec.java:49)
	at org.openqa.selenium.remote.HttpCommandExecutor.execute(HttpCommandExecutor.java:158)
	at org.openqa.selenium.remote.service.DriverCommandExecutor.execute(DriverCommandExecutor.java:83)
	at org.openqa.selenium.remote.RemoteWebDriver.execute(RemoteWebDriver.java:552)
	at org.openqa.selenium.remote.RemoteWebElement.execute(RemoteWebElement.java:285)
	at org.openqa.selenium.remote.RemoteWebElement.click(RemoteWebElement.java:84)
	at com.Yale_Test_Automated.Consultar_Test_Encuesta_Editar.Editar_Preguntas_Cancelar(Consultar_Test_Encuesta_Editar.java:130)
... Removed 28 stack frames]]>
    </failure>
  </testcase> <!-- Editar_Preguntas_Cancelar -->
  <testcase classname="com.Yale_Test_Automated.Consultar_Test_Encuesta_Editar" name="Editar_Preguntas_Eliminar" time="3.068">
    <failure type="org.openqa.selenium.ElementClickInterceptedException" message="element click intercepted: Element &amp;lt;button _ngcontent-sbo-c255=&amp;quot;&amp;quot; mat-icon-button=&amp;quot;&amp;quot; mattooltip=&amp;quot;Click to Delete&amp;quot; id=&amp;quot;delete-pregunta&amp;quot; color=&amp;quot;warn&amp;quot; class=&amp;quot;mat-focus-indicator iconbutton mat-icon-button mat-button-base mat-warn&amp;quot; ng-reflect-color=&amp;quot;warn&amp;quot;&amp;gt;...&amp;lt;/button&amp;gt; is not clickable at point (1180, 253). Other element would receive the click: &amp;lt;div class=&amp;quot;cdk-overlay-backdrop cdk-overlay-dark-backdrop cdk-overlay-backdrop-showing&amp;quot;&amp;gt;&amp;lt;/div&amp;gt;
  (Session info: chrome=87.0.4280.88)
Build info: version: &amp;apos;3.141.59&amp;apos;, revision: &amp;apos;e82be7d358&amp;apos;, time: &amp;apos;2018-11-14T08:17:03&amp;apos;
System info: host: &amp;apos;AV25071&amp;apos;, ip: &amp;apos;192.168.0.2&amp;apos;, os.name: &amp;apos;Windows 10&amp;apos;, os.arch: &amp;apos;amd64&amp;apos;, os.version: &amp;apos;10.0&amp;apos;, java.version: &amp;apos;11.0.2&amp;apos;
Driver info: org.openqa.selenium.chrome.ChromeDriver
Capabilities {acceptInsecureCerts: false, browserName: chrome, browserVersion: 87.0.4280.88, chrome: {chromedriverVersion: 87.0.4280.20 (c99e81631faa0..., userDataDir: C:\Users\RENTAD~1\AppData\L...}, goog:chromeOptions: {debuggerAddress: localhost:52209}, javascriptEnabled: true, networkConnectionEnabled: false, pageLoadStrategy: normal, platform: WINDOWS, platformName: WINDOWS, proxy: Proxy(), setWindowRect: true, strictFileInteractability: false, timeouts: {implicit: 0, pageLoad: 300000, script: 30000}, unhandledPromptBehavior: dismiss and notify, webauthn:virtualAuthenticators: true}
Session ID: 49696305e7f6f467592f6e4e2e01fdfb">
      <![CDATA[org.openqa.selenium.ElementClickInterceptedException: element click intercepted: Element <button _ngcontent-sbo-c255="" mat-icon-button="" mattooltip="Click to Delete" id="delete-pregunta" color="warn" class="mat-focus-indicator iconbutton mat-icon-button mat-button-base mat-warn" ng-reflect-color="warn">...</button> is not clickable at point (1180, 253). Other element would receive the click: <div class="cdk-overlay-backdrop cdk-overlay-dark-backdrop cdk-overlay-backdrop-showing"></div>
  (Session info: chrome=87.0.4280.88)
Build info: version: '3.141.59', revision: 'e82be7d358', time: '2018-11-14T08:17:03'
System info: host: 'AV25071', ip: '192.168.0.2', os.name: 'Windows 10', os.arch: 'amd64', os.version: '10.0', java.version: '11.0.2'
Driver info: org.openqa.selenium.chrome.ChromeDriver
Capabilities {acceptInsecureCerts: false, browserName: chrome, browserVersion: 87.0.4280.88, chrome: {chromedriverVersion: 87.0.4280.20 (c99e81631faa0..., userDataDir: C:\Users\RENTAD~1\AppData\L...}, goog:chromeOptions: {debuggerAddress: localhost:52209}, javascriptEnabled: true, networkConnectionEnabled: false, pageLoadStrategy: normal, platform: WINDOWS, platformName: WINDOWS, proxy: Proxy(), setWindowRect: true, strictFileInteractability: false, timeouts: {implicit: 0, pageLoad: 300000, script: 30000}, unhandledPromptBehavior: dismiss and notify, webauthn:virtualAuthenticators: true}
Session ID: 49696305e7f6f467592f6e4e2e01fdfb
	at org.openqa.selenium.remote.http.W3CHttpResponseCodec.createException(W3CHttpResponseCodec.java:187)
	at org.openqa.selenium.remote.http.W3CHttpResponseCodec.decode(W3CHttpResponseCodec.java:122)
	at org.openqa.selenium.remote.http.W3CHttpResponseCodec.decode(W3CHttpResponseCodec.java:49)
	at org.openqa.selenium.remote.HttpCommandExecutor.execute(HttpCommandExecutor.java:158)
	at org.openqa.selenium.remote.service.DriverCommandExecutor.execute(DriverCommandExecutor.java:83)
	at org.openqa.selenium.remote.RemoteWebDriver.execute(RemoteWebDriver.java:552)
	at org.openqa.selenium.remote.RemoteWebElement.execute(RemoteWebElement.java:285)
	at org.openqa.selenium.remote.RemoteWebElement.click(RemoteWebElement.java:84)
	at com.Yale_Test_Automated.Consultar_Test_Encuesta_Editar.Editar_Preguntas_Eliminar(Consultar_Test_Encuesta_Editar.java:204)
... Removed 28 stack frames]]>
    </failure>
  </testcase> <!-- Editar_Preguntas_Eliminar -->
  <testcase classname="com.Yale_Test_Automated.Consultar_Test_Encuesta_Editar" name="Editar_Preguntas_longitud255" time="1.115">
    <failure type="org.openqa.selenium.ElementClickInterceptedException" message="element click intercepted: Element &amp;lt;button _ngcontent-sbo-c255=&amp;quot;&amp;quot; mat-icon-button=&amp;quot;&amp;quot; mattooltip=&amp;quot;Click to Edit&amp;quot; id=&amp;quot;edit-pregunta&amp;quot; color=&amp;quot;primary&amp;quot; class=&amp;quot;mat-focus-indicator iconbutton mat-icon-button mat-button-base mat-primary&amp;quot; ng-reflect-color=&amp;quot;primary&amp;quot;&amp;gt;...&amp;lt;/button&amp;gt; is not clickable at point (1140, 253). Other element would receive the click: &amp;lt;div class=&amp;quot;cdk-overlay-backdrop cdk-overlay-dark-backdrop cdk-overlay-backdrop-showing&amp;quot;&amp;gt;&amp;lt;/div&amp;gt;
  (Session info: chrome=87.0.4280.88)
Build info: version: &amp;apos;3.141.59&amp;apos;, revision: &amp;apos;e82be7d358&amp;apos;, time: &amp;apos;2018-11-14T08:17:03&amp;apos;
System info: host: &amp;apos;AV25071&amp;apos;, ip: &amp;apos;192.168.0.2&amp;apos;, os.name: &amp;apos;Windows 10&amp;apos;, os.arch: &amp;apos;amd64&amp;apos;, os.version: &amp;apos;10.0&amp;apos;, java.version: &amp;apos;11.0.2&amp;apos;
Driver info: org.openqa.selenium.chrome.ChromeDriver
Capabilities {acceptInsecureCerts: false, browserName: chrome, browserVersion: 87.0.4280.88, chrome: {chromedriverVersion: 87.0.4280.20 (c99e81631faa0..., userDataDir: C:\Users\RENTAD~1\AppData\L...}, goog:chromeOptions: {debuggerAddress: localhost:52209}, javascriptEnabled: true, networkConnectionEnabled: false, pageLoadStrategy: normal, platform: WINDOWS, platformName: WINDOWS, proxy: Proxy(), setWindowRect: true, strictFileInteractability: false, timeouts: {implicit: 0, pageLoad: 300000, script: 30000}, unhandledPromptBehavior: dismiss and notify, webauthn:virtualAuthenticators: true}
Session ID: 49696305e7f6f467592f6e4e2e01fdfb">
      <![CDATA[org.openqa.selenium.ElementClickInterceptedException: element click intercepted: Element <button _ngcontent-sbo-c255="" mat-icon-button="" mattooltip="Click to Edit" id="edit-pregunta" color="primary" class="mat-focus-indicator iconbutton mat-icon-button mat-button-base mat-primary" ng-reflect-color="primary">...</button> is not clickable at point (1140, 253). Other element would receive the click: <div class="cdk-overlay-backdrop cdk-overlay-dark-backdrop cdk-overlay-backdrop-showing"></div>
  (Session info: chrome=87.0.4280.88)
Build info: version: '3.141.59', revision: 'e82be7d358', time: '2018-11-14T08:17:03'
System info: host: 'AV25071', ip: '192.168.0.2', os.name: 'Windows 10', os.arch: 'amd64', os.version: '10.0', java.version: '11.0.2'
Driver info: org.openqa.selenium.chrome.ChromeDriver
Capabilities {acceptInsecureCerts: false, browserName: chrome, browserVersion: 87.0.4280.88, chrome: {chromedriverVersion: 87.0.4280.20 (c99e81631faa0..., userDataDir: C:\Users\RENTAD~1\AppData\L...}, goog:chromeOptions: {debuggerAddress: localhost:52209}, javascriptEnabled: true, networkConnectionEnabled: false, pageLoadStrategy: normal, platform: WINDOWS, platformName: WINDOWS, proxy: Proxy(), setWindowRect: true, strictFileInteractability: false, timeouts: {implicit: 0, pageLoad: 300000, script: 30000}, unhandledPromptBehavior: dismiss and notify, webauthn:virtualAuthenticators: true}
Session ID: 49696305e7f6f467592f6e4e2e01fdfb
	at org.openqa.selenium.remote.http.W3CHttpResponseCodec.createException(W3CHttpResponseCodec.java:187)
	at org.openqa.selenium.remote.http.W3CHttpResponseCodec.decode(W3CHttpResponseCodec.java:122)
	at org.openqa.selenium.remote.http.W3CHttpResponseCodec.decode(W3CHttpResponseCodec.java:49)
	at org.openqa.selenium.remote.HttpCommandExecutor.execute(HttpCommandExecutor.java:158)
	at org.openqa.selenium.remote.service.DriverCommandExecutor.execute(DriverCommandExecutor.java:83)
	at org.openqa.selenium.remote.RemoteWebDriver.execute(RemoteWebDriver.java:552)
	at org.openqa.selenium.remote.RemoteWebElement.execute(RemoteWebElement.java:285)
	at org.openqa.selenium.remote.RemoteWebElement.click(RemoteWebElement.java:84)
	at com.Yale_Test_Automated.Consultar_Test_Encuesta_Editar.Editar_Preguntas_longitud255(Consultar_Test_Encuesta_Editar.java:145)
... Removed 28 stack frames]]>
    </failure>
  </testcase> <!-- Editar_Preguntas_longitud255 -->
</testsuite> <!-- Test on Chrome Encuesta -->
