<?xml version="1.0" encoding="UTF-8"?>
<!-- Generated by org.testng.reporters.JUnitXMLReporter -->
<testsuite hostname="AV25071" failures="0" tests="7" name="Test on Chrome Encuesta Login " time="7.29" errors="0" timestamp="21 Dec 2020 14:39:11 GMT">
  <testcase classname="com.Yale_Test_Automated.Consultar_Test_Encuesta_Login" name="@BeforeClass setUp" time="0.0">
    <failure type="org.openqa.selenium.WebDriverException" message="unknown error: cannot determine loading status
from disconnected: received Inspector.detached event
  (Session info: chrome=87.0.4280.88)
Build info: version: &amp;apos;3.141.59&amp;apos;, revision: &amp;apos;e82be7d358&amp;apos;, time: &amp;apos;2018-11-14T08:17:03&amp;apos;
System info: host: &amp;apos;AV25071&amp;apos;, ip: &amp;apos;172.18.112.1&amp;apos;, os.name: &amp;apos;Windows 10&amp;apos;, os.arch: &amp;apos;amd64&amp;apos;, os.version: &amp;apos;10.0&amp;apos;, java.version: &amp;apos;11.0.2&amp;apos;
Driver info: org.openqa.selenium.chrome.ChromeDriver
Capabilities {acceptInsecureCerts: false, browserName: chrome, browserVersion: 87.0.4280.88, chrome: {chromedriverVersion: 87.0.4280.20 (c99e81631faa0..., userDataDir: C:\Users\RENTAD~1\AppData\L...}, goog:chromeOptions: {debuggerAddress: localhost:56562}, javascriptEnabled: true, networkConnectionEnabled: false, pageLoadStrategy: normal, platform: WINDOWS, platformName: WINDOWS, proxy: Proxy(), setWindowRect: true, strictFileInteractability: false, timeouts: {implicit: 0, pageLoad: 300000, script: 30000}, unhandledPromptBehavior: dismiss and notify, webauthn:virtualAuthenticators: true}
Session ID: fe56f3fbe6c421248eb65c3e2a9154ee">
      <![CDATA[org.openqa.selenium.WebDriverException: unknown error: cannot determine loading status
from disconnected: received Inspector.detached event
  (Session info: chrome=87.0.4280.88)
Build info: version: '3.141.59', revision: 'e82be7d358', time: '2018-11-14T08:17:03'
System info: host: 'AV25071', ip: '172.18.112.1', os.name: 'Windows 10', os.arch: 'amd64', os.version: '10.0', java.version: '11.0.2'
Driver info: org.openqa.selenium.chrome.ChromeDriver
Capabilities {acceptInsecureCerts: false, browserName: chrome, browserVersion: 87.0.4280.88, chrome: {chromedriverVersion: 87.0.4280.20 (c99e81631faa0..., userDataDir: C:\Users\RENTAD~1\AppData\L...}, goog:chromeOptions: {debuggerAddress: localhost:56562}, javascriptEnabled: true, networkConnectionEnabled: false, pageLoadStrategy: normal, platform: WINDOWS, platformName: WINDOWS, proxy: Proxy(), setWindowRect: true, strictFileInteractability: false, timeouts: {implicit: 0, pageLoad: 300000, script: 30000}, unhandledPromptBehavior: dismiss and notify, webauthn:virtualAuthenticators: true}
Session ID: fe56f3fbe6c421248eb65c3e2a9154ee
	at org.openqa.selenium.remote.http.W3CHttpResponseCodec.createException(W3CHttpResponseCodec.java:187)
	at org.openqa.selenium.remote.http.W3CHttpResponseCodec.decode(W3CHttpResponseCodec.java:122)
	at org.openqa.selenium.remote.http.W3CHttpResponseCodec.decode(W3CHttpResponseCodec.java:49)
	at org.openqa.selenium.remote.HttpCommandExecutor.execute(HttpCommandExecutor.java:158)
	at org.openqa.selenium.remote.service.DriverCommandExecutor.execute(DriverCommandExecutor.java:83)
	at org.openqa.selenium.remote.RemoteWebDriver.execute(RemoteWebDriver.java:552)
	at org.openqa.selenium.remote.RemoteWebDriver.get(RemoteWebDriver.java:277)
	at com.Yale_Test_Automated.Consultar_Test_Encuesta_Login.setUp(Consultar_Test_Encuesta_Login.java:53)
... Removed 28 stack frames]]>
    </failure>
  </testcase> <!-- @BeforeClass setUp -->
  <testcase classname="com.Yale_Test_Automated.Consultar_Test_Encuesta_Login" name="Login" time="0.002">
    <skipped/>
  </testcase> <!-- Login -->
  <testcase classname="com.Yale_Test_Automated.Consultar_Test_Encuesta_Login" name="Login" time="0.001">
    <skipped/>
  </testcase> <!-- Login -->
  <testcase classname="com.Yale_Test_Automated.Consultar_Test_Encuesta_Login" name="Login" time="0.0">
    <skipped/>
  </testcase> <!-- Login -->
  <testcase classname="com.Yale_Test_Automated.Consultar_Test_Encuesta_Login" name="Login" time="0.0">
    <skipped/>
  </testcase> <!-- Login -->
  <testcase classname="com.Yale_Test_Automated.Consultar_Test_Encuesta_Login" name="Login" time="0.001">
    <skipped/>
  </testcase> <!-- Login -->
  <testcase classname="com.Yale_Test_Automated.Consultar_Test_Encuesta_Login" name="Login" time="0.001">
    <skipped/>
  </testcase> <!-- Login -->
  <testcase classname="com.Yale_Test_Automated.Consultar_Test_Encuesta_Login" name="Logout" time="0.001">
    <skipped/>
  </testcase> <!-- Logout -->
</testsuite> <!-- Test on Chrome Encuesta Login  -->
