<?xml version="1.0" encoding="UTF-8"?>
<!-- Generated by org.testng.reporters.JUnitXMLReporter -->
<testsuite hostname="AV25071" failures="1" tests="1" name="Test on Chrome Gestionar Correos Editar" time="14.125" errors="0" timestamp="14 Jan 2021 14:23:48 GMT">
  <testcase classname="com.Yale_Test_GestionCorreo.Consultar_Test_GestionCorreo_Editar" name="Elementos_Presentes_editar" time="3.955">
    <failure type="java.lang.AssertionError" message="expected [true] but found [false]">
      <![CDATA[java.lang.AssertionError: expected [true] but found [false]
	at com.Yale_Test_GestionCorreo.Consultar_Test_GestionCorreo_Editar.Elementos_Presentes_editar(Consultar_Test_GestionCorreo_Editar.java:85)
... Removed 28 stack frames]]>
    </failure>
  </testcase> <!-- Elementos_Presentes_editar -->
</testsuite> <!-- Test on Chrome Gestionar Correos Editar -->
