<?xml version="1.0" encoding="UTF-8"?>
<!-- Generated by org.testng.reporters.JUnitXMLReporter -->
<testsuite hostname="AV25071" failures="0" tests="4" name="Test on Edge landing page Jikan" time="62.05" errors="0" timestamp="29 Jan 2021 02:07:14 GMT">
  <testcase classname="com.Jikan_Test.Test_Page" name="@BeforeClass setUp" time="0.0">
    <failure type="org.openqa.selenium.WebDriverException" message="unknown error: DevToolsActivePort file doesn&amp;apos;t exist
Build info: version: &amp;apos;3.141.59&amp;apos;, revision: &amp;apos;e82be7d358&amp;apos;, time: &amp;apos;2018-11-14T08:17:03&amp;apos;
System info: host: &amp;apos;AV25071&amp;apos;, ip: &amp;apos;172.18.112.1&amp;apos;, os.name: &amp;apos;Windows 10&amp;apos;, os.arch: &amp;apos;amd64&amp;apos;, os.version: &amp;apos;10.0&amp;apos;, java.version: &amp;apos;11.0.2&amp;apos;
Driver info: driver.version: EdgeDriver
remote stacktrace: Backtrace:
	Ordinal0 [0x00007FF683E7F8F2+4258034]
	Ordinal0 [0x00007FF683D54499+3032217]
	Ordinal0 [0x00007FF683BAD267+1299047]
	Ordinal0 [0x00007FF683AF2B15+535317]
	Ordinal0 [0x00007FF683AEC470+509040]
	Ordinal0 [0x00007FF683B23382+734082]
	Ordinal0 [0x00007FF683B1DDCF+712143]
	Ordinal0 [0x00007FF683AF8CF5+560373]
	Ordinal0 [0x00007FF683AF9ADB+563931]
	Ordinal0 [0x00007FF683D71B08+3152648]
	GetHandleVerifier [0x00007FF683FD15B2+1256722]
	GetHandleVerifier [0x00007FF683FE3F36+1332886]
	GetHandleVerifier [0x00007FF683FD1F79+1259225]
	Ordinal0 [0x00007FF683D64CD5+3099861]
	Ordinal0 [0x00007FF683D73EEB+3161835]
	Ordinal0 [0x00007FF683D8A23A+3252794]
	BaseThreadInitThunk [0x00007FF930B87034+20]
	RtlUserThreadStart [0x00007FF930CBD0D1+33]
">
      <![CDATA[org.openqa.selenium.WebDriverException: unknown error: DevToolsActivePort file doesn't exist
Build info: version: '3.141.59', revision: 'e82be7d358', time: '2018-11-14T08:17:03'
System info: host: 'AV25071', ip: '172.18.112.1', os.name: 'Windows 10', os.arch: 'amd64', os.version: '10.0', java.version: '11.0.2'
Driver info: driver.version: EdgeDriver
remote stacktrace: Backtrace:
	Ordinal0 [0x00007FF683E7F8F2+4258034]
	Ordinal0 [0x00007FF683D54499+3032217]
	Ordinal0 [0x00007FF683BAD267+1299047]
	Ordinal0 [0x00007FF683AF2B15+535317]
	Ordinal0 [0x00007FF683AEC470+509040]
	Ordinal0 [0x00007FF683B23382+734082]
	Ordinal0 [0x00007FF683B1DDCF+712143]
	Ordinal0 [0x00007FF683AF8CF5+560373]
	Ordinal0 [0x00007FF683AF9ADB+563931]
	Ordinal0 [0x00007FF683D71B08+3152648]
	GetHandleVerifier [0x00007FF683FD15B2+1256722]
	GetHandleVerifier [0x00007FF683FE3F36+1332886]
	GetHandleVerifier [0x00007FF683FD1F79+1259225]
	Ordinal0 [0x00007FF683D64CD5+3099861]
	Ordinal0 [0x00007FF683D73EEB+3161835]
	Ordinal0 [0x00007FF683D8A23A+3252794]
	BaseThreadInitThunk [0x00007FF930B87034+20]
	RtlUserThreadStart [0x00007FF930CBD0D1+33]

	at org.openqa.selenium.remote.W3CHandshakeResponse.lambda$errorHandler$0(W3CHandshakeResponse.java:62)
	at org.openqa.selenium.remote.HandshakeResponse.lambda$getResponseFunction$0(HandshakeResponse.java:30)
	at org.openqa.selenium.remote.ProtocolHandshake.lambda$createSession$0(ProtocolHandshake.java:126)
	at java.base/java.util.stream.ReferencePipeline$3$1.accept(ReferencePipeline.java:195)
	at java.base/java.util.Spliterators$ArraySpliterator.tryAdvance(Spliterators.java:958)
	at java.base/java.util.stream.ReferencePipeline.forEachWithCancel(ReferencePipeline.java:127)
	at java.base/java.util.stream.AbstractPipeline.copyIntoWithCancel(AbstractPipeline.java:502)
	at java.base/java.util.stream.AbstractPipeline.copyInto(AbstractPipeline.java:488)
	at java.base/java.util.stream.AbstractPipeline.wrapAndCopyInto(AbstractPipeline.java:474)
	at java.base/java.util.stream.FindOps$FindOp.evaluateSequential(FindOps.java:150)
	at java.base/java.util.stream.AbstractPipeline.evaluate(AbstractPipeline.java:234)
	at java.base/java.util.stream.ReferencePipeline.findFirst(ReferencePipeline.java:543)
	at org.openqa.selenium.remote.ProtocolHandshake.createSession(ProtocolHandshake.java:128)
	at org.openqa.selenium.remote.ProtocolHandshake.createSession(ProtocolHandshake.java:74)
	at org.openqa.selenium.remote.HttpCommandExecutor.execute(HttpCommandExecutor.java:136)
	at org.openqa.selenium.remote.service.DriverCommandExecutor.execute(DriverCommandExecutor.java:83)
	at org.openqa.selenium.remote.RemoteWebDriver.execute(RemoteWebDriver.java:552)
	at org.openqa.selenium.remote.RemoteWebDriver.startSession(RemoteWebDriver.java:213)
	at org.openqa.selenium.remote.RemoteWebDriver.<init>(RemoteWebDriver.java:131)
	at org.openqa.selenium.edge.EdgeDriver.<init>(EdgeDriver.java:141)
	at org.openqa.selenium.edge.EdgeDriver.<init>(EdgeDriver.java:96)
	at com.Jikan_Test.Base.IEDriverConnection(Base.java:34)
	at com.Jikan_Test.Test_Page.setUp(Test_Page.java:37)
... Removed 28 stack frames]]>
    </failure>
  </testcase> <!-- @BeforeClass setUp -->
  <testcase classname="com.Jikan_Test.Test_Page" name="Validar_Busqueda_Anime" time="0.001">
    <skipped/>
  </testcase> <!-- Validar_Busqueda_Anime -->
  <testcase classname="com.Jikan_Test.Test_Page" name="Validar_Busqueda_Anime" time="0.001">
    <skipped/>
  </testcase> <!-- Validar_Busqueda_Anime -->
  <testcase classname="com.Jikan_Test.Test_Page" name="Validar_Busqueda_Anime" time="0.001">
    <skipped/>
  </testcase> <!-- Validar_Busqueda_Anime -->
  <testcase classname="com.Jikan_Test.Test_Page" name="Validar_Link_Rotos" time="0.0">
    <skipped/>
  </testcase> <!-- Validar_Link_Rotos -->
</testsuite> <!-- Test on Edge landing page Jikan -->
