<?xml version="1.0" encoding="UTF-8"?>
<!-- Generated by org.testng.reporters.JUnitXMLReporter -->
<testsuite hostname="AV25071" failures="1" tests="4" name="Test on Chrome landing page Jikan" time="72.199" errors="0" timestamp="29 Jan 2021 02:05:11 GMT">
  <testcase classname="com.Jikan_Test.Test_Page" name="Validar_Busqueda_Anime" time="2.526"/>
  <testcase classname="com.Jikan_Test.Test_Page" name="Validar_Busqueda_Anime" time="2.344"/>
  <testcase classname="com.Jikan_Test.Test_Page" name="Validar_Busqueda_Anime" time="2.376"/>
  <testcase classname="com.Jikan_Test.Test_Page" name="Validar_Link_Rotos" time="53.31">
    <failure type="java.lang.AssertionError" message="Existen link rotos expected [true] but found [false]">
      <![CDATA[java.lang.AssertionError: Existen link rotos expected [true] but found [false]
	at com.Jikan_Test.Test_Page.Validar_Link_Rotos(Test_Page.java:84)
... Removed 27 stack frames]]>
    </failure>
  </testcase> <!-- Validar_Link_Rotos -->
</testsuite> <!-- Test on Chrome landing page Jikan -->
