<?xml version="1.0" encoding="UTF-8"?>
<!-- Generated by org.testng.reporters.JUnitReportReporter -->
<testsuite hostname="AV25071" failures="0" tests="21" name="com.Yale_Test_Automated.Consultar_Test_Encuesta_Paginacion" time="71.283" errors="1" timestamp="18 Dec 2020 22:30:12 GMT">
  <testcase classname="com.Yale_Test_Automated.Consultar_Test_Encuesta_Paginacion" name="Control_Data_Paginacion" time="5.083"/>
  <testcase classname="com.Yale_Test_Automated.Consultar_Test_Encuesta_Paginacion" name="Control_Data_Paginacion" time="2.932"/>
  <testcase classname="com.Yale_Test_Automated.Consultar_Test_Encuesta_Paginacion" name="Control_Data_Paginacion" time="4.551"/>
  <testcase classname="com.Yale_Test_Automated.Consultar_Test_Encuesta_Paginacion" name="Control_Data_Paginacion" time="3.427"/>
  <testcase classname="com.Yale_Test_Automated.Consultar_Test_Encuesta_Paginacion" name="Control_Data_Paginacion" time="2.862"/>
  <testcase classname="com.Yale_Test_Automated.Consultar_Test_Encuesta_Paginacion" name="Control_Data_Paginacion" time="3.727"/>
  <testcase classname="com.Yale_Test_Automated.Consultar_Test_Encuesta_Paginacion" name="Control_Paginacion" time="0.320">
    <error message="Paginacion errada
Expected: a string containing &quot;500&quot;
     but: was &quot;FUSE
menu
Charlie Adams
adams.charlie@mail.com
APPLICATIONS
assignment
Preguntas
today
email
account_box
check_box
star
Charlie Adams
keyboard_arrow_down
search
EN
format_list_bulleted
Preguntas
Crear pregunta
Id
Nombre
Activa
Fecha
Acciones
210
Como fue la atencion - Editada
Si
18-12-2020
edit
delete
211
100
Si
18-12-2020
edit
delete
212
200
Si
18-12-2020
edit
delete
213
300
Si
18-12-2020
edit
delete
214
400
Si
18-12-2020
edit
delete
Items per page:
5
1 – 5 of 21
Click to add/remove shortcut
¡Pregunta creada satisfactoriamente!
X
5
10
20&quot;" type="java.lang.AssertionError">
      <![CDATA[java.lang.AssertionError: Paginacion errada
Expected: a string containing "500"
     but: was "FUSE
menu
Charlie Adams
adams.charlie@mail.com
APPLICATIONS
assignment
Preguntas
today
email
account_box
check_box
star
Charlie Adams
keyboard_arrow_down
search
EN
format_list_bulleted
Preguntas
Crear pregunta
Id
Nombre
Activa
Fecha
Acciones
210
Como fue la atencion - Editada
Si
18-12-2020
edit
delete
211
100
Si
18-12-2020
edit
delete
212
200
Si
18-12-2020
edit
delete
213
300
Si
18-12-2020
edit
delete
214
400
Si
18-12-2020
edit
delete
Items per page:
5
1 – 5 of 21
Click to add/remove shortcut
¡Pregunta creada satisfactoriamente!
X
5
10
20"
	at org.hamcrest.MatcherAssert.assertThat(MatcherAssert.java:20)
	at org.junit.Assert.assertThat(Assert.java:964)
	at com.Yale_Test_Automated.Consultar_Test_Encuesta_Paginacion.Control_Paginacion(Consultar_Test_Encuesta_Paginacion.java:101)
	at java.base/jdk.internal.reflect.NativeMethodAccessorImpl.invoke0(Native Method)
	at java.base/jdk.internal.reflect.NativeMethodAccessorImpl.invoke(NativeMethodAccessorImpl.java:62)
	at java.base/jdk.internal.reflect.DelegatingMethodAccessorImpl.invoke(DelegatingMethodAccessorImpl.java:43)
	at java.base/java.lang.reflect.Method.invoke(Method.java:566)
	at org.testng.internal.MethodInvocationHelper.invokeMethod(MethodInvocationHelper.java:80)
	at org.testng.internal.Invoker.invokeMethod(Invoker.java:714)
	at org.testng.internal.Invoker.invokeTestMethod(Invoker.java:901)
	at org.testng.internal.Invoker.invokeTestMethods(Invoker.java:1231)
	at org.testng.internal.TestMethodWorker.invokeTestMethods(TestMethodWorker.java:127)
	at org.testng.internal.TestMethodWorker.run(TestMethodWorker.java:111)
	at org.testng.TestRunner.privateRun(TestRunner.java:767)
	at org.testng.TestRunner.run(TestRunner.java:617)
	at org.testng.SuiteRunner.runTest(SuiteRunner.java:334)
	at org.testng.SuiteRunner.runSequentially(SuiteRunner.java:329)
	at org.testng.SuiteRunner.privateRun(SuiteRunner.java:291)
	at org.testng.SuiteRunner.run(SuiteRunner.java:240)
	at org.testng.SuiteRunnerWorker.runSuite(SuiteRunnerWorker.java:52)
	at org.testng.SuiteRunnerWorker.run(SuiteRunnerWorker.java:86)
	at org.testng.TestNG.runSuitesSequentially(TestNG.java:1198)
	at org.testng.TestNG.runSuitesLocally(TestNG.java:1123)
	at org.testng.TestNG.run(TestNG.java:1031)
	at org.testng.remote.AbstractRemoteTestNG.run(AbstractRemoteTestNG.java:115)
	at org.testng.remote.RemoteTestNG.initAndRun(RemoteTestNG.java:251)
	at org.testng.remote.RemoteTestNG.main(RemoteTestNG.java:77)
]]>
    </error>
  </testcase> <!-- Control_Paginacion -->
  <testcase classname="com.Yale_Test_Automated.Consultar_Test_Encuesta_Paginacion" name="Control_Data_Paginacion" time="2.920"/>
  <testcase classname="com.Yale_Test_Automated.Consultar_Test_Encuesta_Paginacion" name="Control_Data_Paginacion" time="2.921"/>
  <testcase classname="com.Yale_Test_Automated.Consultar_Test_Encuesta_Paginacion" name="Control_Data_Paginacion" time="3.418"/>
  <testcase classname="com.Yale_Test_Automated.Consultar_Test_Encuesta_Paginacion" name="Control_Data_Paginacion" time="4.241"/>
  <testcase classname="com.Yale_Test_Automated.Consultar_Test_Encuesta_Paginacion" name="Control_Data_Paginacion" time="3.432"/>
  <testcase classname="com.Yale_Test_Automated.Consultar_Test_Encuesta_Paginacion" name="Control_Data_Paginacion" time="3.968"/>
  <testcase classname="com.Yale_Test_Automated.Consultar_Test_Encuesta_Paginacion" name="Control_Data_Paginacion" time="2.892"/>
  <testcase classname="com.Yale_Test_Automated.Consultar_Test_Encuesta_Paginacion" name="Control_Data_Paginacion" time="3.429"/>
  <testcase classname="com.Yale_Test_Automated.Consultar_Test_Encuesta_Paginacion" name="Control_Data_Paginacion" time="3.462"/>
  <testcase classname="com.Yale_Test_Automated.Consultar_Test_Encuesta_Paginacion" name="Control_Data_Paginacion" time="2.867"/>
  <testcase classname="com.Yale_Test_Automated.Consultar_Test_Encuesta_Paginacion" name="Control_Data_Paginacion" time="3.967"/>
  <testcase classname="com.Yale_Test_Automated.Consultar_Test_Encuesta_Paginacion" name="Control_Data_Paginacion" time="3.983"/>
  <testcase classname="com.Yale_Test_Automated.Consultar_Test_Encuesta_Paginacion" name="Control_Data_Paginacion" time="3.991"/>
  <testcase classname="com.Yale_Test_Automated.Consultar_Test_Encuesta_Paginacion" name="Control_Data_Paginacion" time="2.890"/>
</testsuite> <!-- com.Yale_Test_Automated.Consultar_Test_Encuesta_Paginacion -->
